<?xml version="1.0" encoding="UTF-8"?>
<!-- Generated by org.testng.reporters.JUnitXMLReporter -->
<testsuite ignored="0" hostname="MSI" failures="0" tests="4" name="Default test" time="15.531" errors="0" timestamp="2025-03-12T10:24:34 IST">
  <testcase classname="storeAPP.EStoreApp" name="Login" time="0.285"/>
  <testcase classname="storeAPP.EStoreApp" name="regressionTestSearch" time="0.164"/>
  <testcase classname="storeAPP.EStoreApp" name="AddToCart" time="0.245"/>
  <testcase classname="storeAPP.EStoreApp" name="checkout" time="10.448"/>
</testsuite> <!-- Default test -->
