<?xml version="1.0" encoding="UTF-8"?>
<testng-results ignored="0" total="4" passed="4" failed="0" skipped="0">
  <reporter-output>
  </reporter-output>
  <suite started-at="2025-03-12T10:24:18 IST" name="Default suite" finished-at="2025-03-12T10:24:34 IST" duration-ms="15531">
    <groups>
    </groups>
    <test started-at="2025-03-12T10:24:18 IST" name="Default test" finished-at="2025-03-12T10:24:34 IST" duration-ms="15531">
      <class name="storeAPP.EStoreApp">
        <test-method is-config="true" signature="setup()[pri:0, instance:storeAPP.EStoreApp@4988d8b8]" started-at="2025-03-12T10:24:18 IST" name="setup" finished-at="2025-03-12T10:24:22 IST" duration-ms="4090" status="PASS">
          <reporter-output>
          </reporter-output>
        </test-method> <!-- setup -->
        <test-method signature="Login()[pri:1, instance:storeAPP.EStoreApp@4988d8b8]" started-at="2025-03-12T10:24:22 IST" name="Login" finished-at="2025-03-12T10:24:22 IST" duration-ms="285" status="PASS">
          <reporter-output>
          </reporter-output>
        </test-method> <!-- Login -->
        <test-method signature="regressionTestSearch()[pri:2, instance:storeAPP.EStoreApp@4988d8b8]" started-at="2025-03-12T10:24:22 IST" name="regressionTestSearch" finished-at="2025-03-12T10:24:23 IST" duration-ms="164" status="PASS">
          <reporter-output>
          </reporter-output>
        </test-method> <!-- regressionTestSearch -->
        <test-method signature="AddToCart()[pri:3, instance:storeAPP.EStoreApp@4988d8b8]" started-at="2025-03-12T10:24:23 IST" name="AddToCart" finished-at="2025-03-12T10:24:23 IST" duration-ms="245" status="PASS">
          <reporter-output>
          </reporter-output>
        </test-method> <!-- AddToCart -->
        <test-method signature="checkout()[pri:4, instance:storeAPP.EStoreApp@4988d8b8]" started-at="2025-03-12T10:24:23 IST" name="checkout" finished-at="2025-03-12T10:24:33 IST" duration-ms="10448" status="PASS">
          <reporter-output>
          </reporter-output>
        </test-method> <!-- checkout -->
        <test-method is-config="true" signature="teardown()[pri:0, instance:storeAPP.EStoreApp@4988d8b8]" started-at="2025-03-12T10:24:33 IST" name="teardown" finished-at="2025-03-12T10:24:34 IST" duration-ms="254" status="PASS">
          <reporter-output>
          </reporter-output>
        </test-method> <!-- teardown -->
      </class> <!-- storeAPP.EStoreApp -->
    </test> <!-- Default test -->
  </suite> <!-- Default suite -->
</testng-results>
